[35m[Appium][39m Welcome to Appium v2.3.0
[35m[Appium][39m Non-default server args:
[35m[Appium][39m { basePath: [32m'/wd/hub'[39m, loglevel: [32m'info'[39m, port: [33m52779[39m }
[35m[Appium][39m Attempting to load driver uiautomator2...
[35m[Appium][39m Appium REST http interface listener started on http://0.0.0.0:52779/wd/hub
[35m[Appium][39m You can provide the following URLs in your client code to connect to this server:
[35m[Appium][39m 	http://192.168.31.10:52779/wd/hub
[35m[Appium][39m 	http://192.168.56.1:52779/wd/hub
[35m[Appium][39m 	http://192.168.56.2:52779/wd/hub
[35m[Appium][39m 	http://127.0.0.1:52779/wd/hub (only accessible from the same host)
[35m[Appium][39m Available drivers:
[35m[Appium][39m   - uiautomator2@2.35.0 (automationName 'UiAutomator2')
[35m[Appium][39m No plugins have been installed. Use the "appium plugin" command to install the one(s) you want to use.
[38;5;0m[HTTP][0m [37m-->[39m [37mGET[39m [37m/wd/hub/status[39m
[38;5;0m[HTTP][0m [90m{}[39m
[38;5;0m[HTTP][0m [37m<-- GET /wd/hub/status [39m[32m200[39m [90m3 ms - 110[39m
[38;5;0m[HTTP][0m [90m[39m
[38;5;0m[HTTP][0m [37m-->[39m [37mGET[39m [37m/wd/hub/status[39m
[38;5;0m[HTTP][0m [90m{}[39m
[38;5;0m[HTTP][0m [37m<-- GET /wd/hub/status [39m[32m200[39m [90m1 ms - 110[39m
[38;5;0m[HTTP][0m [90m[39m
[38;5;0m[HTTP][0m [37m-->[39m [37mPOST[39m [37m/wd/hub/session[39m
[38;5;0m[HTTP][0m [90m{"desiredCapabilities":{"appium:systemPort":52796,"appium:newCommandTimeout":1800,"appium:automationName":"uiautomator2","appium:fullReset":false,"appium:platformVersion":"8.1.0","appium:noReset":true,"appium:udid":"emulator-5554","appium:autoGrantPermissions":true,"appium:platformName":"ANDROID","appium:deviceName":"emulator-5554 (Android SDK built for x86 - Android 8.1.0)","platformName":"Android","appium:app":"D:\\POOL_Katalon\\00_PROJECT\\Final_Project\\Mobile\\katalon-finalmobile-SlametWidodo\\APKPath\\Advantagedemo32.apk"},"capabilities":{"firstMatch":[{"appium:app":"D:\\POOL_Katalon\\00_PROJECT\\Final_Project\\Mobile\\katalon-finalmobile-SlametWidodo\\APKPath\\Advantagedemo32.apk","appium:autoGrantPermissions":true,"appium:automationName":"uiautomator2","appium:deviceName":"emulator-5554 (Android SDK built for x86 - Android 8.1.0)","appium:fullReset":false,"appium:newCommandTimeout":1800,"appium:noReset":true,"appium:platformName":"ANDROID","appium:platformVersion":"8.1.0","appium:systemPort":52796,...[39m
[38;5;32m[BaseDriver][0m Ignoring capability 'appium:platformName=ANDROID' and using capability 'platformName=android'
[38;5;32m[BaseDriver][0m The capabilities ["platformName"] are standard capabilities and do not require "appium:" prefix
[35m[Appium][39m Attempting to find matching driver for automationName 'uiautomator2' and platformName 'android'
[35m[Appium][39m The 'uiautomator2' driver was installed and matched caps.
[35m[Appium][39m Will require it at C:\Users\calba\.appium\node_modules\appium-uiautomator2-driver
[38;5;16m[AppiumDriver@37d7][0m Appium v2.3.0 creating new AndroidUiautomator2Driver (v2.35.0) session
[38;5;16m[AppiumDriver@37d7][0m Checking BaseDriver versions for Appium and AndroidUiautomator2Driver
[38;5;16m[AppiumDriver@37d7][0m Appium's BaseDriver version is 9.4.4
[38;5;16m[AppiumDriver@37d7][0m AndroidUiautomator2Driver's BaseDriver version is 9.4.4
[38;5;48m[AndroidUiautomator2Driver@f763 (9eb7ca55)][0m Session created with session id: 9eb7ca55-29f3-4e89-a6d2-607716d8b9fc
[38;5;32m[BaseDriver][0m Using local app 'D:\POOL_Katalon\00_PROJECT\Final_Project\Mobile\katalon-finalmobile-SlametWidodo\APKPath\Advantagedemo32.apk'
[38;5;64m[ADB][0m Found 1 'build-tools' folders under 'C:\Users\calba\.katalon\tools\android_sdk' (newest first):
[38;5;64m[ADB][0m     C:\Users\calba\.katalon\tools\android_sdk\build-tools\29.0.3
[38;5;64m[ADB][0m Using 'adb.exe' from 'C:\Users\calba\.katalon\tools\android_sdk\platform-tools\adb.exe'
[38;5;80m[AndroidDriver][0m Retrieving device list
[38;5;80m[AndroidDriver][0m Using device: emulator-5554
[38;5;64m[ADB][0m Using 'adb.exe' from 'C:\Users\calba\.katalon\tools\android_sdk\platform-tools\adb.exe'
[38;5;64m[ADB][0m Package name: 'com.Advantage.aShopping'
[38;5;64m[ADB][0m Main activity name: 'com.Advantage.aShopping.SplashActivity'
[38;5;64m[ADB][0m Using 'apksigner.jar' from 'C:\Users\calba\.katalon\tools\android_sdk\build-tools\29.0.3\lib\apksigner.jar'
[38;5;64m[ADB][0m 'C:\Users\calba\.appium\node_modules\appium-uiautomator2-driver\node_modules\appium-uiautomator2-server\apks\appium-uiautomator2-server-debug-androidTest.apk' is signed with the default certificate
[38;5;64m[ADB][0m 'C:\Users\calba\.appium\node_modules\appium-uiautomator2-driver\node_modules\appium-uiautomator2-server\apks\appium-uiautomator2-server-v5.12.17.apk' is signed with the default certificate
[38;5;48m[AndroidUiautomator2Driver@f763 (9eb7ca55)][0m Server packages are not going to be (re)installed
[38;5;64m[ADB][0m Adding packages ["io.appium.settings","io.appium.uiautomator2.server","io.appium.uiautomator2.server.test"] to Doze whitelist
[38;5;64m[ADB][0m 'D:\POOL_Katalon\00_PROJECT\Final_Project\Mobile\katalon-finalmobile-SlametWidodo\APKPath\Advantagedemo32.apk' is signed with a non-default certificate
[38;5;64m[ADB][0m The application at 'D:\POOL_Katalon\00_PROJECT\Final_Project\Mobile\katalon-finalmobile-SlametWidodo\APKPath\Advantagedemo32.apk' will not be cached, because the device under test has confirmed the support of streamed installs
[38;5;64m[ADB][0m The installation of 'Advantagedemo32.apk' took 723ms
[38;5;48m[AndroidUiautomator2Driver@f763 (9eb7ca55)][0m Starting UIAutomator2 server 5.12.17
[38;5;48m[AndroidUiautomator2Driver@f763 (9eb7ca55)][0m Using UIAutomator2 server from 'C:\Users\calba\.appium\node_modules\appium-uiautomator2-driver\node_modules\appium-uiautomator2-server\apks\appium-uiautomator2-server-v5.12.17.apk' and test from 'C:\Users\calba\.appium\node_modules\appium-uiautomator2-driver\node_modules\appium-uiautomator2-server\apks\appium-uiautomator2-server-debug-androidTest.apk'
[38;5;48m[AndroidUiautomator2Driver@f763 (9eb7ca55)][0m Waiting up to 30000ms for UiAutomator2 to be online...
[38;5;48m[AndroidUiautomator2Driver@f763 (9eb7ca55)][0m socket hang up
[38;5;48m[AndroidUiautomator2Driver@f763 (9eb7ca55)][0m socket hang up
[38;5;48m[AndroidUiautomator2Driver@f763 (9eb7ca55)][0m Determined the downstream protocol as 'W3C'
[38;5;80m[AndroidDriver][0m Screen already unlocked, doing nothing
[38;5;48m[AndroidUiautomator2Driver@f763 (9eb7ca55)][0m Starting 'com.Advantage.aShopping/com.Advantage.aShopping.SplashActivity and waiting for 'com.Advantage.aShopping/com.Advantage.aShopping.SplashActivity'
[38;5;16m[AppiumDriver@37d7][0m New AndroidUiautomator2Driver session created successfully, session 9eb7ca55-29f3-4e89-a6d2-607716d8b9fc added to master session list
[38;5;0m[HTTP][0m [37m<-- POST /wd/hub/session [39m[32m200[39m [90m5309 ms - 1376[39m
[38;5;0m[HTTP][0m [90m[39m
[38;5;0m[HTTP][0m [37m-->[39m [37mGET[39m [37m/wd/hub/session/9eb7ca55-29f3-4e89-a6d2-607716d8b9fc[39m
[38;5;0m[HTTP][0m [90m{}[39m
[38;5;0m[HTTP][0m [37m<-- GET /wd/hub/session/9eb7ca55-29f3-4e89-a6d2-607716d8b9fc [39m[32m200[39m [90m10 ms - 441[39m
[38;5;0m[HTTP][0m [90m[39m
[38;5;0m[HTTP][0m [37m-->[39m [37mGET[39m [37m/wd/hub/session/9eb7ca55-29f3-4e89-a6d2-607716d8b9fc[39m
[38;5;0m[HTTP][0m [90m{}[39m
[38;5;0m[HTTP][0m [37m<-- GET /wd/hub/session/9eb7ca55-29f3-4e89-a6d2-607716d8b9fc [39m[32m200[39m [90m6 ms - 441[39m
[38;5;0m[HTTP][0m [90m[39m
[38;5;0m[HTTP][0m [37m-->[39m [37mGET[39m [37m/wd/hub/status[39m
[38;5;0m[HTTP][0m [90m{}[39m
[38;5;0m[HTTP][0m [37m<-- GET /wd/hub/status [39m[32m200[39m [90m1 ms - 110[39m
[38;5;0m[HTTP][0m [90m[39m
[38;5;0m[HTTP][0m [37m-->[39m [37mPOST[39m [37m/wd/hub/session/9eb7ca55-29f3-4e89-a6d2-607716d8b9fc/timeouts[39m
[38;5;0m[HTTP][0m [90m{"implicit":60000}[39m
[38;5;0m[HTTP][0m [37m<-- POST /wd/hub/session/9eb7ca55-29f3-4e89-a6d2-607716d8b9fc/timeouts [39m[32m200[39m [90m1 ms - 14[39m
[38;5;0m[HTTP][0m [90m[39m
[38;5;0m[HTTP][0m [37m-->[39m [37mGET[39m [37m/wd/hub/session/9eb7ca55-29f3-4e89-a6d2-607716d8b9fc/source[39m
[38;5;0m[HTTP][0m [90m{}[39m
[38;5;48m[AndroidUiautomator2Driver@f763 (9eb7ca55)][0m Driver proxy active, passing request on via HTTP proxy
[38;5;48m[AndroidUiautomator2Driver@f763 (9eb7ca55)][0m Replacing sessionId b68ab0c3-a42a-4218-89ec-f817ee3fc336 with 9eb7ca55-29f3-4e89-a6d2-607716d8b9fc
[38;5;0m[HTTP][0m [37m<-- GET /wd/hub/session/9eb7ca55-29f3-4e89-a6d2-607716d8b9fc/source [39m[32m200[39m [90m909 ms - 5501[39m
[38;5;0m[HTTP][0m [90m[39m
[38;5;0m[HTTP][0m [37m-->[39m [37mGET[39m [37m/wd/hub/session/9eb7ca55-29f3-4e89-a6d2-607716d8b9fc/screenshot[39m
[38;5;0m[HTTP][0m [90m{}[39m
[38;5;0m[HTTP][0m [37m<-- GET /wd/hub/session/9eb7ca55-29f3-4e89-a6d2-607716d8b9fc/screenshot [39m[32m200[39m [90m914 ms - 2861316[39m
[38;5;0m[HTTP][0m [90m[39m
[38;5;0m[HTTP][0m [37m-->[39m [37mGET[39m [37m/wd/hub/session/9eb7ca55-29f3-4e89-a6d2-607716d8b9fc/source[39m
[38;5;0m[HTTP][0m [90m{}[39m
[38;5;48m[AndroidUiautomator2Driver@f763 (9eb7ca55)][0m Driver proxy active, passing request on via HTTP proxy
[38;5;48m[AndroidUiautomator2Driver@f763 (9eb7ca55)][0m Replacing sessionId b68ab0c3-a42a-4218-89ec-f817ee3fc336 with 9eb7ca55-29f3-4e89-a6d2-607716d8b9fc
[38;5;0m[HTTP][0m [37m<-- GET /wd/hub/session/9eb7ca55-29f3-4e89-a6d2-607716d8b9fc/source [39m[32m200[39m [90m161 ms - 20825[39m
[38;5;0m[HTTP][0m [90m[39m
[38;5;0m[HTTP][0m [37m-->[39m [37mGET[39m [37m/wd/hub/session/9eb7ca55-29f3-4e89-a6d2-607716d8b9fc/screenshot[39m
[38;5;0m[HTTP][0m [90m{}[39m
[38;5;0m[HTTP][0m [37m<-- GET /wd/hub/session/9eb7ca55-29f3-4e89-a6d2-607716d8b9fc/screenshot [39m[32m200[39m [90m286 ms - 882260[39m
[38;5;0m[HTTP][0m [90m[39m
[38;5;0m[HTTP][0m [37m-->[39m [37mPOST[39m [37m/wd/hub/session/9eb7ca55-29f3-4e89-a6d2-607716d8b9fc/elements[39m
[38;5;0m[HTTP][0m [90m{"using":"xpath","value":"//*[@class = 'android.widget.TextView' and (@text = 'HP CHROMEBOOK 14 G1(ENERGY STAR)' or . = 'HP CHROMEBOOK 14 G1(ENERGY STAR)') and @resource-id = 'com.Advantage.aShopping:id/textViewProductName']"}[39m
[38;5;0m[HTTP][0m [37m<-- POST /wd/hub/session/9eb7ca55-29f3-4e89-a6d2-607716d8b9fc/elements [39m[32m200[39m [90m348 ms - 139[39m
[38;5;0m[HTTP][0m [90m[39m
[38;5;0m[HTTP][0m [37m-->[39m [37mDELETE[39m [37m/wd/hub/session/9eb7ca55-29f3-4e89-a6d2-607716d8b9fc[39m
[38;5;0m[HTTP][0m [90m{}[39m
[38;5;16m[AppiumDriver@37d7][0m Removing session 9eb7ca55-29f3-4e89-a6d2-607716d8b9fc from our master session list
[38;5;0m[HTTP][0m [37m<-- DELETE /wd/hub/session/9eb7ca55-29f3-4e89-a6d2-607716d8b9fc [39m[32m200[39m [90m24 ms - 14[39m
[38;5;0m[HTTP][0m [90m[39m
